<?xml version="1.0" encoding="UTF-8"?>
<!-- Generated by org.testng.reporters.JUnitReportReporter -->
<testsuite skipped="0" hostname="DESKTOP-0VKQUJV" name="com.generic.TestClass1" tests="2" failures="0" timestamp="2020-08-11T17:21:41 IST" time="0.022" errors="0">
  <testcase name="unitLevel2" time="0.009" classname="com.generic.TestClass1"/>
  <testcase name="unitLevel1" time="0.013" classname="com.generic.TestClass1"/>
</testsuite> <!-- com.generic.TestClass1 -->
